E:\迅雷下载\CTP_API_C++可实盘的源代码(更新)\上期CTP_API_C++可实盘的源代码\DEBUG\AUTOTRADER.OBJ
E:\迅雷下载\CTP_API_C++可实盘的源代码(更新)\上期CTP_API_C++可实盘的源代码\DEBUG\MDSPI.OBJ
E:\迅雷下载\CTP_API_C++可实盘的源代码(更新)\上期CTP_API_C++可实盘的源代码\DEBUG\STDAFX.OBJ
E:\迅雷下载\CTP_API_C++可实盘的源代码(更新)\上期CTP_API_C++可实盘的源代码\DEBUG\TRADERSPI.OBJ
E:\迅雷下载\CTP_API_C++可实盘的源代码(更新)\上期CTP_API_C++可实盘的源代码\DEBUG\VC110.PDB
D:\CTP\CTP_API_C++可实盘的源代码(更新)\上期CTP_API_C++可实盘的源代码\DEBUG\AUTOTRADER.OBJ
D:\CTP\CTP_API_C++可实盘的源代码(更新)\上期CTP_API_C++可实盘的源代码\DEBUG\MDSPI.OBJ
D:\CTP\CTP_API_C++可实盘的源代码(更新)\上期CTP_API_C++可实盘的源代码\DEBUG\STDAFX.OBJ
D:\CTP\CTP_API_C++可实盘的源代码(更新)\上期CTP_API_C++可实盘的源代码\DEBUG\TRADERSPI.OBJ
D:\CTP\CTP_API_C++可实盘的源代码(更新)\上期CTP_API_C++可实盘的源代码\DEBUG\VC110.PDB
E:\迅雷下载\CTP_API_C++可实盘的源代码(更新)\上期CTP_API_C++可实盘的源代码\BIN\AUTOTRADER.EXE
E:\迅雷下载\CTP_API_C++可实盘的源代码(更新)\上期CTP_API_C++可实盘的源代码\BIN\AUTOTRADER.PDB
D:\CTP\CTP_API_C++可实盘的源代码(更新)\上期CTP_API_C++可实盘的源代码\BIN\AUTOTRADER.EXE
D:\CTP\CTP_API_C++可实盘的源代码(更新)\上期CTP_API_C++可实盘的源代码\BIN\AUTOTRADER.PDB
D:\Ctp\CTP_API_C++可实盘的源代码(更新)\上期CTP_API_C++可实盘的源代码\Debug\AutoTrader.obj
D:\Ctp\CTP_API_C++可实盘的源代码(更新)\上期CTP_API_C++可实盘的源代码\Debug\MdSpi.obj
D:\Ctp\CTP_API_C++可实盘的源代码(更新)\上期CTP_API_C++可实盘的源代码\Debug\stdafx.obj
D:\Ctp\CTP_API_C++可实盘的源代码(更新)\上期CTP_API_C++可实盘的源代码\Debug\TraderSpi.obj
D:\Ctp\CTP_API_C++可实盘的源代码(更新)\上期CTP_API_C++可实盘的源代码\Debug\cl.command.1.tlog
D:\Ctp\CTP_API_C++可实盘的源代码(更新)\上期CTP_API_C++可实盘的源代码\Debug\CL.read.1.tlog
D:\Ctp\CTP_API_C++可实盘的源代码(更新)\上期CTP_API_C++可实盘的源代码\Debug\CL.write.1.tlog
D:\Ctp\CTP_API_C++可实盘的源代码(更新)\上期CTP_API_C++可实盘的源代码\Debug\link-cvtres.read.1.tlog
D:\Ctp\CTP_API_C++可实盘的源代码(更新)\上期CTP_API_C++可实盘的源代码\Debug\link-cvtres.write.1.tlog
D:\Ctp\CTP_API_C++可实盘的源代码(更新)\上期CTP_API_C++可实盘的源代码\Debug\link-rc.read.1.tlog
D:\Ctp\CTP_API_C++可实盘的源代码(更新)\上期CTP_API_C++可实盘的源代码\Debug\link-rc.write.1.tlog
D:\Ctp\CTP_API_C++可实盘的源代码(更新)\上期CTP_API_C++可实盘的源代码\Debug\link.command.1.tlog
D:\Ctp\CTP_API_C++可实盘的源代码(更新)\上期CTP_API_C++可实盘的源代码\Debug\link.read.1.tlog
D:\Ctp\CTP_API_C++可实盘的源代码(更新)\上期CTP_API_C++可实盘的源代码\Debug\link.write.1.tlog
D:\Ctp\CTP_API_C++可实盘的源代码(更新)\上期CTP_API_C++可实盘的源代码\Debug\vc110.idb
D:\Ctp\CTP_API_C++可实盘的源代码(更新)\上期CTP_API_C++可实盘的源代码\Debug\vc110.pdb
D:\Ctp\CTP_API_C++可实盘的源代码(更新)\上期CTP_API_C++可实盘的源代码\bin\AutoTrader.pdb
D:\Ctp\CTP_API_C++可实盘的源代码(更新)\上期CTP_API_C++可实盘的源代码\bin\AutoTrader.exe
